# JRE version: OpenJDK Runtime Environment Temurin-17.0.12+7 (17.0.12+7) (build 17.0.12+7)
# Java VM: OpenJDK 64-Bit Server VM Temurin-17.0.12+7 (17.0.12+7, mixed mode, tiered, compressed oops, compressed class ptrs, parallel gc, windows-amd64)
GC Precious Log:
 CPUs: 4 total, 4 available
 Memory: 8052M
 Large Page Support: Disabled
 NUMA Support: Disabled
 Compressed Oops: Enabled (32-bit)
 Alignments: Space 512K, Generation 512K, Heap 2M
 Heap Min Capacity: 100M
 Heap Initial Capacity: 100M
 Heap Max Capacity: 1G
 Pre-touch: Disabled
 Parallel Workers: 4
Heap:
 PSYoungGen      total 23552K, used 22309K [0x00000000eab00000, 0x00000000ec500000, 0x0000000100000000)
  eden space 22016K, 96% used [0x00000000eab00000,0x00000000ebfa9570,0x00000000ec080000)
  from space 1536K, 75% used [0x00000000ec380000,0x00000000ec4a0020,0x00000000ec500000)
  to   space 2048K, 56% used [0x00000000ec100000,0x00000000ec222270,0x00000000ec300000)
 ParOldGen       total 68608K, used 32667K [0x00000000c0000000, 0x00000000c4300000, 0x00000000eab00000)
  object space 68608K, 47% used [0x00000000c0000000,0x00000000c1fe6e78,0x00000000c4300000)
 Metaspace       used 58617K, committed 59776K, reserved 1114112K
  class space    used 6346K, committed 6848K, reserved 1048576K
GC Heap History (20 events):
Event: 14.240 GC heap after
{Heap after GC invocations=17 (full 2):
 PSYoungGen      total 23040K, used 944K [0x00000000eab00000, 0x00000000ec480000, 0x0000000100000000)
  eden space 22016K, 0% used [0x00000000eab00000,0x00000000eab00000,0x00000000ec080000)
  from space 1024K, 92% used [0x00000000ec300000,0x00000000ec3ec010,0x00000000ec400000)
  to   space 512K, 0% used [0x00000000ec400000,0x00000000ec400000,0x00000000ec480000)
 ParOldGen       total 68608K, used 17326K [0x00000000c0000000, 0x00000000c4300000, 0x00000000eab00000)
  object space 68608K, 25% used [0x00000000c0000000,0x00000000c10eb9c8,0x00000000c4300000)
 Metaspace       used 45009K, committed 46016K, reserved 1114112K
  class space    used 4742K, committed 5248K, reserved 1048576K
}
Event: 14.597 GC heap before
{Heap before GC invocations=18 (full 2):
 PSYoungGen      total 23040K, used 22960K [0x00000000eab00000, 0x00000000ec480000, 0x0000000100000000)
  eden space 22016K, 100% used [0x00000000eab00000,0x00000000ec080000,0x00000000ec080000)
  from space 1024K, 92% used [0x00000000ec300000,0x00000000ec3ec010,0x00000000ec400000)
  to   space 512K, 0% used [0x00000000ec400000,0x00000000ec400000,0x00000000ec480000)
 ParOldGen       total 68608K, used 17326K [0x00000000c0000000, 0x00000000c4300000, 0x00000000eab00000)
  object space 68608K, 25% used [0x00000000c0000000,0x00000000c10eb9c8,0x00000000c4300000)
 Metaspace       used 46215K, committed 47296K, reserved 1114112K
  class space    used 4899K, committed 5376K, reserved 1048576K
}
Event: 14.602 GC heap after
{Heap after GC invocations=18 (full 2):
 PSYoungGen      total 22528K, used 493K [0x00000000eab00000, 0x00000000ec680000, 0x0000000100000000)
  eden space 22016K, 0% used [0x00000000eab00000,0x00000000eab00000,0x00000000ec080000)
  from space 512K, 96% used [0x00000000ec400000,0x00000000ec47b678,0x00000000ec480000)
  to   space 3072K, 0% used [0x00000000ec080000,0x00000000ec080000,0x00000000ec380000)
 ParOldGen       total 68608K, used 19506K [0x00000000c0000000, 0x00000000c4300000, 0x00000000eab00000)
  object space 68608K, 28% used [0x00000000c0000000,0x00000000c130cbb8,0x00000000c4300000)
 Metaspace       used 46215K, committed 47296K, reserved 1114112K
  class space    used 4899K, committed 5376K, reserved 1048576K
}
Event: 15.148 GC heap before
{Heap before GC invocations=19 (full 2):
 PSYoungGen      total 22528K, used 22509K [0x00000000eab00000, 0x00000000ec680000, 0x0000000100000000)
  eden space 22016K, 100% used [0x00000000eab00000,0x00000000ec080000,0x00000000ec080000)
  from space 512K, 96% used [0x00000000ec400000,0x00000000ec47b678,0x00000000ec480000)
  to   space 3072K, 0% used [0x00000000ec080000,0x00000000ec080000,0x00000000ec380000)
 ParOldGen       total 68608K, used 19506K [0x00000000c0000000, 0x00000000c4300000, 0x00000000eab00000)
  object space 68608K, 28% used [0x00000000c0000000,0x00000000c130cbb8,0x00000000c4300000)
 Metaspace       used 47769K, committed 48832K, reserved 1114112K
  class space    used 5114K, committed 5632K, reserved 1048576K
}
Event: 15.155 GC heap after
{Heap after GC invocations=19 (full 2):
 PSYoungGen      total 24064K, used 1814K [0x00000000eab00000, 0x00000000ec580000, 0x0000000100000000)
  eden space 22016K, 0% used [0x00000000eab00000,0x00000000eab00000,0x00000000ec080000)
  from space 2048K, 88% used [0x00000000ec080000,0x00000000ec245ba8,0x00000000ec280000)
  to   space 2560K, 0% used [0x00000000ec300000,0x00000000ec300000,0x00000000ec580000)
 ParOldGen       total 68608K, used 19968K [0x00000000c0000000, 0x00000000c4300000, 0x00000000eab00000)
  object space 68608K, 29% used [0x00000000c0000000,0x00000000c1380088,0x00000000c4300000)
 Metaspace       used 47769K, committed 48832K, reserved 1114112K
  class space    used 5114K, committed 5632K, reserved 1048576K
}
Event: 17.413 GC heap before
{Heap before GC invocations=20 (full 2):
 PSYoungGen      total 24064K, used 23830K [0x00000000eab00000, 0x00000000ec580000, 0x0000000100000000)
  eden space 22016K, 100% used [0x00000000eab00000,0x00000000ec080000,0x00000000ec080000)
  from space 2048K, 88% used [0x00000000ec080000,0x00000000ec245ba8,0x00000000ec280000)
  to   space 2560K, 0% used [0x00000000ec300000,0x00000000ec300000,0x00000000ec580000)
 ParOldGen       total 68608K, used 19968K [0x00000000c0000000, 0x00000000c4300000, 0x00000000eab00000)
  object space 68608K, 29% used [0x00000000c0000000,0x00000000c1380088,0x00000000c4300000)
 Metaspace       used 50484K, committed 51584K, reserved 1114112K
  class space    used 5450K, committed 5952K, reserved 1048576K
}
Event: 17.419 GC heap after
{Heap after GC invocations=20 (full 2):
 PSYoungGen      total 24576K, used 2087K [0x00000000eab00000, 0x00000000ec580000, 0x0000000100000000)
  eden space 22016K, 0% used [0x00000000eab00000,0x00000000eab00000,0x00000000ec080000)
  from space 2560K, 81% used [0x00000000ec300000,0x00000000ec509c50,0x00000000ec580000)
  to   space 2560K, 0% used [0x00000000ec080000,0x00000000ec080000,0x00000000ec300000)
 ParOldGen       total 68608K, used 21687K [0x00000000c0000000, 0x00000000c4300000, 0x00000000eab00000)
  object space 68608K, 31% used [0x00000000c0000000,0x00000000c152dc50,0x00000000c4300000)
 Metaspace       used 50484K, committed 51584K, reserved 1114112K
  class space    used 5450K, committed 5952K, reserved 1048576K
}
Event: 19.472 GC heap before
{Heap before GC invocations=21 (full 2):
 PSYoungGen      total 24576K, used 24103K [0x00000000eab00000, 0x00000000ec580000, 0x0000000100000000)
  eden space 22016K, 100% used [0x00000000eab00000,0x00000000ec080000,0x00000000ec080000)
  from space 2560K, 81% used [0x00000000ec300000,0x00000000ec509c50,0x00000000ec580000)
  to   space 2560K, 0% used [0x00000000ec080000,0x00000000ec080000,0x00000000ec300000)
 ParOldGen       total 68608K, used 21687K [0x00000000c0000000, 0x00000000c4300000, 0x00000000eab00000)
  object space 68608K, 31% used [0x00000000c0000000,0x00000000c152dc50,0x00000000c4300000)
 Metaspace       used 52006K, committed 53120K, reserved 1114112K
  class space    used 5611K, committed 6144K, reserved 1048576K
}
Event: 19.482 GC heap after
{Heap after GC invocations=21 (full 2):
 PSYoungGen      total 23040K, used 816K [0x00000000eab00000, 0x00000000ec380000, 0x0000000100000000)
  eden space 22016K, 0% used [0x00000000eab00000,0x00000000eab00000,0x00000000ec080000)
  from space 1024K, 79% used [0x00000000ec080000,0x00000000ec14c010,0x00000000ec180000)
  to   space 1536K, 0% used [0x00000000ec200000,0x00000000ec200000,0x00000000ec380000)
 ParOldGen       total 68608K, used 23677K [0x00000000c0000000, 0x00000000c4300000, 0x00000000eab00000)
  object space 68608K, 34% used [0x00000000c0000000,0x00000000c171f668,0x00000000c4300000)
 Metaspace       used 52006K, committed 53120K, reserved 1114112K
  class space    used 5611K, committed 6144K, reserved 1048576K
}
Event: 22.490 GC heap before
{Heap before GC invocations=22 (full 2):
 PSYoungGen      total 23040K, used 22750K [0x00000000eab00000, 0x00000000ec380000, 0x0000000100000000)
  eden space 22016K, 99% used [0x00000000eab00000,0x00000000ec06ba60,0x00000000ec080000)
  from space 1024K, 79% used [0x00000000ec080000,0x00000000ec14c010,0x00000000ec180000)
  to   space 1536K, 0% used [0x00000000ec200000,0x00000000ec200000,0x00000000ec380000)
 ParOldGen       total 68608K, used 23677K [0x00000000c0000000, 0x00000000c4300000, 0x00000000eab00000)
  object space 68608K, 34% used [0x00000000c0000000,0x00000000c171f668,0x00000000c4300000)
 Metaspace       used 53547K, committed 54784K, reserved 1114112K
  class space    used 5774K, committed 6336K, reserved 1048576K
}
Event: 22.493 GC heap after
{Heap after GC invocations=22 (full 2):
 PSYoungGen      total 23552K, used 1175K [0x00000000eab00000, 0x00000000ec380000, 0x0000000100000000)
  eden space 22016K, 0% used [0x00000000eab00000,0x00000000eab00000,0x00000000ec080000)
  from space 1536K, 76% used [0x00000000ec200000,0x00000000ec325fe8,0x00000000ec380000)
  to   space 1536K, 0% used [0x00000000ec080000,0x00000000ec080000,0x00000000ec200000)
 ParOldGen       total 68608K, used 24359K [0x00000000c0000000, 0x00000000c4300000, 0x00000000eab00000)
  object space 68608K, 35% used [0x00000000c0000000,0x00000000c17c9f18,0x00000000c4300000)
 Metaspace       used 53547K, committed 54784K, reserved 1114112K
  class space    used 5774K, committed 6336K, reserved 1048576K
}
Event: 23.754 GC heap before
{Heap before GC invocations=23 (full 2):
 PSYoungGen      total 23552K, used 23191K [0x00000000eab00000, 0x00000000ec380000, 0x0000000100000000)
  eden space 22016K, 100% used [0x00000000eab00000,0x00000000ec080000,0x00000000ec080000)
  from space 1536K, 76% used [0x00000000ec200000,0x00000000ec325fe8,0x00000000ec380000)
  to   space 1536K, 0% used [0x00000000ec080000,0x00000000ec080000,0x00000000ec200000)
 ParOldGen       total 68608K, used 24359K [0x00000000c0000000, 0x00000000c4300000, 0x00000000eab00000)
  object space 68608K, 35% used [0x00000000c0000000,0x00000000c17c9f18,0x00000000c4300000)
 Metaspace       used 54638K, committed 55872K, reserved 1114112K
  class space    used 5894K, committed 6464K, reserved 1048576K
}
Event: 23.758 GC heap after
{Heap after GC invocations=23 (full 2):
 PSYoungGen      total 23552K, used 1504K [0x00000000eab00000, 0x00000000ec680000, 0x0000000100000000)
  eden space 22016K, 0% used [0x00000000eab00000,0x00000000eab00000,0x00000000ec080000)
  from space 1536K, 97% used [0x00000000ec080000,0x00000000ec1f8020,0x00000000ec200000)
  to   space 3072K, 0% used [0x00000000ec380000,0x00000000ec380000,0x00000000ec680000)
 ParOldGen       total 68608K, used 25630K [0x00000000c0000000, 0x00000000c4300000, 0x00000000eab00000)
  object space 68608K, 37% used [0x00000000c0000000,0x00000000c19079a0,0x00000000c4300000)
 Metaspace       used 54638K, committed 55872K, reserved 1114112K
  class space    used 5894K, committed 6464K, reserved 1048576K
}
Event: 24.676 GC heap before
{Heap before GC invocations=24 (full 2):
 PSYoungGen      total 23552K, used 23520K [0x00000000eab00000, 0x00000000ec680000, 0x0000000100000000)
  eden space 22016K, 100% used [0x00000000eab00000,0x00000000ec080000,0x00000000ec080000)
  from space 1536K, 97% used [0x00000000ec080000,0x00000000ec1f8020,0x00000000ec200000)
  to   space 3072K, 0% used [0x00000000ec380000,0x00000000ec380000,0x00000000ec680000)
 ParOldGen       total 68608K, used 25630K [0x00000000c0000000, 0x00000000c4300000, 0x00000000eab00000)
  object space 68608K, 37% used [0x00000000c0000000,0x00000000c19079a0,0x00000000c4300000)
 Metaspace       used 54725K, committed 55936K, reserved 1114112K
  class space    used 5898K, committed 6464K, reserved 1048576K
}
Event: 24.681 GC heap after
{Heap after GC invocations=24 (full 2):
 PSYoungGen      total 24576K, used 2176K [0x00000000eab00000, 0x00000000ec600000, 0x0000000100000000)
  eden space 22016K, 0% used [0x00000000eab00000,0x00000000eab00000,0x00000000ec080000)
  from space 2560K, 85% used [0x00000000ec380000,0x00000000ec5a0010,0x00000000ec600000)
  to   space 2560K, 0% used [0x00000000ec100000,0x00000000ec100000,0x00000000ec380000)
 ParOldGen       total 68608K, used 27120K [0x00000000c0000000, 0x00000000c4300000, 0x00000000eab00000)
  object space 68608K, 39% used [0x00000000c0000000,0x00000000c1a7c350,0x00000000c4300000)
 Metaspace       used 54725K, committed 55936K, reserved 1114112K
  class space    used 5898K, committed 6464K, reserved 1048576K
}
Event: 25.393 GC heap before
{Heap before GC invocations=25 (full 2):
 PSYoungGen      total 24576K, used 24192K [0x00000000eab00000, 0x00000000ec600000, 0x0000000100000000)
  eden space 22016K, 100% used [0x00000000eab00000,0x00000000ec080000,0x00000000ec080000)
  from space 2560K, 85% used [0x00000000ec380000,0x00000000ec5a0010,0x00000000ec600000)
  to   space 2560K, 0% used [0x00000000ec100000,0x00000000ec100000,0x00000000ec380000)
 ParOldGen       total 68608K, used 27120K [0x00000000c0000000, 0x00000000c4300000, 0x00000000eab00000)
  object space 68608K, 39% used [0x00000000c0000000,0x00000000c1a7c350,0x00000000c4300000)
 Metaspace       used 55267K, committed 56448K, reserved 1114112K
  class space    used 5946K, committed 6464K, reserved 1048576K
}
Event: 25.398 GC heap after
{Heap after GC invocations=25 (full 2):
 PSYoungGen      total 24576K, used 2541K [0x00000000eab00000, 0x00000000ec680000, 0x0000000100000000)
  eden space 22016K, 0% used [0x00000000eab00000,0x00000000eab00000,0x00000000ec080000)
  from space 2560K, 99% used [0x00000000ec100000,0x00000000ec37b540,0x00000000ec380000)
  to   space 3072K, 0% used [0x00000000ec380000,0x00000000ec380000,0x00000000ec680000)
 ParOldGen       total 68608K, used 29168K [0x00000000c0000000, 0x00000000c4300000, 0x00000000eab00000)
  object space 68608K, 42% used [0x00000000c0000000,0x00000000c1c7c350,0x00000000c4300000)
 Metaspace       used 55267K, committed 56448K, reserved 1114112K
  class space    used 5946K, committed 6464K, reserved 1048576K
}
Event: 26.759 GC heap before
{Heap before GC invocations=26 (full 2):
 PSYoungGen      total 24576K, used 24557K [0x00000000eab00000, 0x00000000ec680000, 0x0000000100000000)
  eden space 22016K, 100% used [0x00000000eab00000,0x00000000ec080000,0x00000000ec080000)
  from space 2560K, 99% used [0x00000000ec100000,0x00000000ec37b540,0x00000000ec380000)
  to   space 3072K, 0% used [0x00000000ec380000,0x00000000ec380000,0x00000000ec680000)
 ParOldGen       total 68608K, used 29168K [0x00000000c0000000, 0x00000000c4300000, 0x00000000eab00000)
  object space 68608K, 42% used [0x00000000c0000000,0x00000000c1c7c350,0x00000000c4300000)
 Metaspace       used 57031K, committed 58176K, reserved 1114112K
  class space    used 6150K, committed 6656K, reserved 1048576K
}
Event: 26.767 GC heap after
{Heap after GC invocations=26 (full 2):
 PSYoungGen      total 23552K, used 1152K [0x00000000eab00000, 0x00000000ec500000, 0x0000000100000000)
  eden space 22016K, 0% used [0x00000000eab00000,0x00000000eab00000,0x00000000ec080000)
  from space 1536K, 75% used [0x00000000ec380000,0x00000000ec4a0020,0x00000000ec500000)
  to   space 2048K, 0% used [0x00000000ec100000,0x00000000ec100000,0x00000000ec300000)
 ParOldGen       total 68608K, used 31654K [0x00000000c0000000, 0x00000000c4300000, 0x00000000eab00000)
  object space 68608K, 46% used [0x00000000c0000000,0x00000000c1ee9ae8,0x00000000c4300000)
 Metaspace       used 57031K, committed 58176K, reserved 1114112K
  class space    used 6150K, committed 6656K, reserved 1048576K
}
Event: 27.752 GC heap before
{Heap before GC invocations=27 (full 2):
 PSYoungGen      total 23552K, used 22309K [0x00000000eab00000, 0x00000000ec500000, 0x0000000100000000)
  eden space 22016K, 96% used [0x00000000eab00000,0x00000000ebfa9570,0x00000000ec080000)
  from space 1536K, 75% used [0x00000000ec380000,0x00000000ec4a0020,0x00000000ec500000)
  to   space 2048K, 0% used [0x00000000ec100000,0x00000000ec100000,0x00000000ec300000)
 ParOldGen       total 68608K, used 31654K [0x00000000c0000000, 0x00000000c4300000, 0x00000000eab00000)
  object space 68608K, 46% used [0x00000000c0000000,0x00000000c1ee9ae8,0x00000000c4300000)
 Metaspace       used 58617K, committed 59776K, reserved 1114112K
  class space    used 6346K, committed 6848K, reserved 1048576K
}

